Using pre-set license
Built from '2020.3/staging' branch; Version is '2020.3.21f1 (a38c86f6690f) revision 10718342'; Using compiler version '192528614'; Build Type 'Release'
OS: 'Windows 10 Pro; OS build 19042.630; Version 2009; 64bit' Language: 'en' Physical Memory: 16222 MB
BatchMode: 1, IsHumanControllingUs: 0, StartBugReporterOnCrash: 0, Is64bit: 1, IsPro: 0

COMMAND LINE ARGUMENTS:
G:\unity\Unity 2020.3.21f1\Editor\Unity.exe
-adb2
-batchMode
-noUpm
-name
AssetImportWorker0
-projectPath
G:/YouTube_UnityToBrain/Join And Kick!/Join And Kick!
-logFile
Logs/AssetImportWorker0.log
-srvPort
53033
Successfully changed project path to: G:/YouTube_UnityToBrain/Join And Kick!/Join And Kick!
G:/YouTube_UnityToBrain/Join And Kick!/Join And Kick!
Using Asset Import Pipeline V2.
Refreshing native plugins compatible for Editor in 226.24 ms, found 2 plugins.
Preloading 0 native plugins for Editor in 0.00 ms.
Initialize engine version: 2020.3.21f1 (a38c86f6690f)
[Subsystems] Discovering subsystems at path G:/unity/Unity 2020.3.21f1/Editor/Data/Resources/UnitySubsystems
[Subsystems] Discovering subsystems at path G:/YouTube_UnityToBrain/Join And Kick!/Join And Kick!/Assets
GfxDevice: creating device client; threaded=0
Direct3D:
    Version:  Direct3D 11.0 [level 11.0]
    Renderer: NVIDIA GeForce 940M     (ID=0x1347)
    Vendor:   
    VRAM:     4037 MB
    Driver:   10.18.13.5324
Initialize mono
Mono path[0] = 'G:/unity/Unity 2020.3.21f1/Editor/Data/Managed'
Mono path[1] = 'G:/unity/Unity 2020.3.21f1/Editor/Data/MonoBleedingEdge/lib/mono/unityjit'
Mono config path = 'G:/unity/Unity 2020.3.21f1/Editor/Data/MonoBleedingEdge/etc'
Using monoOptions --debugger-agent=transport=dt_socket,embedding=1,server=y,suspend=n,address=127.0.0.1:56956
Begin MonoManager ReloadAssembly
Registering precompiled unity dll's ...
Register platform support module: G:/unity/Unity 2020.3.21f1/Editor/Data/PlaybackEngines/WebGLSupport/UnityEditor.WebGL.Extensions.dll
Register platform support module: G:/unity/Unity 2020.3.21f1/Editor/Data/PlaybackEngines/WindowsStandaloneSupport/UnityEditor.WindowsStandalone.Extensions.dll
Registered in 0.003123 seconds.
Native extension for WindowsStandalone target not found
Native extension for WebGL target not found
Refreshing native plugins compatible for Editor in 120.50 ms, found 2 plugins.
Preloading 0 native plugins for Editor in 0.00 ms.
Mono: successfully reloaded assembly
- Completed reload, in  2.310 seconds
Domain Reload Profiling:
	ReloadAssembly (2311ms)
		BeginReloadAssembly (130ms)
			ExecutionOrderSort (0ms)
			DisableScriptedObjects (0ms)
			BackupInstance (0ms)
			ReleaseScriptingObjects (0ms)
			CreateAndSetChildDomain (2ms)
		EndReloadAssembly (1081ms)
			LoadAssemblies (128ms)
			RebuildTransferFunctionScriptingTraits (0ms)
			SetupTypeCache (393ms)
			ReleaseScriptCaches (0ms)
			RebuildScriptCaches (74ms)
			SetupLoadedEditorAssemblies (411ms)
				LogAssemblyErrors (0ms)
				InitializePlatformSupportModulesInManaged (10ms)
				SetLoadedEditorAssemblies (0ms)
				RefreshPlugins (121ms)
				BeforeProcessingInitializeOnLoad (28ms)
				ProcessInitializeOnLoadAttributes (189ms)
				ProcessInitializeOnLoadMethodAttributes (63ms)
				AfterProcessingInitializeOnLoad (0ms)
				EditorAssembliesLoaded (0ms)
			ExecutionOrderSort2 (0ms)
			AwakeInstancesAfterBackupRestoration (0ms)
Platform modules already initialized, skipping
Registering precompiled user dll's ...
Registered in 0.008934 seconds.
Begin MonoManager ReloadAssembly
Native extension for WindowsStandalone target not found
Native extension for WebGL target not found
Refreshing native plugins compatible for Editor in 122.34 ms, found 2 plugins.
Preloading 0 native plugins for Editor in 0.00 ms.
Mono: successfully reloaded assembly
- Completed reload, in  3.410 seconds
Domain Reload Profiling:
	ReloadAssembly (3412ms)
		BeginReloadAssembly (286ms)
			ExecutionOrderSort (0ms)
			DisableScriptedObjects (9ms)
			BackupInstance (0ms)
			ReleaseScriptingObjects (0ms)
			CreateAndSetChildDomain (34ms)
		EndReloadAssembly (3005ms)
			LoadAssemblies (188ms)
			RebuildTransferFunctionScriptingTraits (0ms)
			SetupTypeCache (809ms)
			ReleaseScriptCaches (1ms)
			RebuildScriptCaches (139ms)
			SetupLoadedEditorAssemblies (1581ms)
				LogAssemblyErrors (0ms)
				InitializePlatformSupportModulesInManaged (11ms)
				SetLoadedEditorAssemblies (0ms)
				RefreshPlugins (122ms)
				BeforeProcessingInitializeOnLoad (176ms)
				ProcessInitializeOnLoadAttributes (1247ms)
				ProcessInitializeOnLoadMethodAttributes (21ms)
				AfterProcessingInitializeOnLoad (4ms)
				EditorAssembliesLoaded (0ms)
			ExecutionOrderSort2 (0ms)
			AwakeInstancesAfterBackupRestoration (16ms)
Platform modules already initialized, skipping
========================================================================
Worker process is ready to serve import requests
Launched and connected shader compiler UnityShaderCompiler.exe after 0.41 seconds
Refreshing native plugins compatible for Editor in 1.15 ms, found 2 plugins.
Preloading 0 native plugins for Editor in 0.00 ms.
Unloading 2945 Unused Serialized files (Serialized files now loaded: 0)
System memory in use before: 130.8 MB.
System memory in use after: 130.9 MB.

Unloading 21 unused Assets to reduce memory usage. Loaded Objects now: 3381.
Total: 7.852900 ms (FindLiveObjects: 0.728600 ms CreateObjectMapping: 0.396600 ms MarkObjects: 6.563200 ms  DeleteObjects: 0.160000 ms)

AssetImportParameters requested are different than current active one (requested -> active):
  custom:framework-win-MediaFoundation: 216162199b28c13a410421893ffa2e32 -> 
  custom:video-decoder-ogg-theora: a1e56fd34408186e4bbccfd4996cb3dc -> 
  custom:container-muxer-webm: aa71ff27fc2769a1b78a27578f13a17b -> 
  custom:container-demuxer-webm: 4f35f7cbe854078d1ac9338744f61a02 -> 
  custom:container-demuxer-ogg: 62fdf1f143b41e24485cea50d1cbac27 -> 
  custom:video-encoder-webm-vp8: eb34c28f22e8b96e1ab97ce403110664 -> 
  custom:video-decoder-webm-vp8: 9c59270c3fd7afecdb556c50c9e8de78 -> 
  custom:audio-decoder-ogg-vorbis: bf7c407c2cedff20999df2af8eb42d56 -> 
  custom:audio-encoder-webm-vorbis: bf7c407c2cedff20999df2af8eb42d56 -> 
========================================================================
Received Import Request.
  path: Assets/Scripts/PlayerManager.cs
  artifactKey: Guid(5883d9a62894632458eb441b874e3846) Importer(815301076,1909f56bfc062723c751e8b465ee728b)
Start importing Assets/Scripts/PlayerManager.cs using Guid(5883d9a62894632458eb441b874e3846) Importer(815301076,1909f56bfc062723c751e8b465ee728b)  -> (artifact id: '948e3354d7aeb9109ba32c781046fe96') in 0.119728 seconds 
  Import took 0.147779 seconds .

========================================================================
Received Import Request.
  Time since last request: 14584.901503 seconds.
  path: Assets/Animations/StickMan_animator.controller
  artifactKey: Guid(36f05dc7f9e9c724ab5d41e7aa8359e4) Importer(815301076,1909f56bfc062723c751e8b465ee728b)
Start importing Assets/Animations/StickMan_animator.controller using Guid(36f05dc7f9e9c724ab5d41e7aa8359e4) Importer(815301076,1909f56bfc062723c751e8b465ee728b)  -> (artifact id: '5eae4b8f2662005813e52f5f3a2e3787') in 0.337120 seconds 
  Import took 0.517758 seconds .

AssetImportWorkerClient::OnTransportError - code=2 error=End of file
